<?xml version="1.0" encoding="UTF-8"?>
<!-- Generated by org.testng.reporters.JUnitXMLReporter -->
<testsuite ignored="1" hostname="HPVictus_7445HS" failures="0" tests="1" name="ErrorValidationTest" time="9.729" errors="0" timestamp="2026-04-11T20:44:00 IST">
  <testcase classname="com.test.ErrorValidationTest" name="submitOrder" time="0.965"/>
  <testcase classname="com.test.ErrorValidationTest" name="productErrorValidation" time="0.0">
    <ignored/>
  </testcase> <!-- productErrorValidation -->
</testsuite> <!-- ErrorValidationTest -->
