<?xml version="1.0" encoding="UTF-8"?>
<!-- Generated by org.testng.reporters.JUnitXMLReporter -->
<testsuite ignored="1" hostname="HPVictus_7445HS" failures="0" tests="2" name="SubmitOrderTest" time="25.299" errors="0" timestamp="2026-04-17T20:29:42 IST">
  <testcase classname="com.test.SubmitOrderTest" name="submitOrder" time="7.838"/>
  <testcase classname="com.test.SubmitOrderTest" name="submitOrder" time="6.997"/>
  <testcase classname="com.test.SubmitOrderTest" name="OrderHistoryTest" time="0.0">
    <ignored/>
  </testcase> <!-- OrderHistoryTest -->
</testsuite> <!-- SubmitOrderTest -->
