<?xml version="1.0" encoding="UTF-8"?>
<!-- Generated by org.testng.reporters.JUnitXMLReporter -->
<testsuite ignored="0" hostname="HPVictus_7445HS" failures="0" tests="4" name="SubmitOrderTest" time="36.013" errors="0" timestamp="2026-04-27T22:55:51 IST">
  <testcase classname="com.test.SubmitOrderTest" name="submitOrder" time="7.139"/>
  <testcase classname="com.test.SubmitOrderTest" name="submitOrder" time="6.925"/>
  <testcase classname="com.test.SubmitOrderTest" name="submitOrder" time="6.839"/>
  <testcase classname="com.test.SubmitOrderTest" name="OrderHistoryTest" time="0.831"/>
</testsuite> <!-- SubmitOrderTest -->
