<?xml version="1.0" encoding="UTF-8"?>
<testng-results ignored="3" total="4" passed="1" failed="0" skipped="0">
  <reporter-output>
  </reporter-output>
  <suite started-at="2026-04-11T20:43:51 IST" name="Suite" finished-at="2026-04-11T20:44:00 IST" duration-ms="9729">
    <groups>
      <group name="ErrorHandling">
        <method signature="ErrorValidationTest.submitOrder()[pri:0, instance:com.test.ErrorValidationTest@1a482e36]" name="submitOrder" class="com.test.ErrorValidationTest"/>
      </group> <!-- ErrorHandling -->
    </groups>
    <test started-at="2026-04-11T20:43:51 IST" name="SubmitOrderTest" finished-at="2026-04-11T20:43:51 IST" duration-ms="11">
    </test> <!-- SubmitOrderTest -->
    <test started-at="2026-04-11T20:43:51 IST" name="ErrorValidationTest" finished-at="2026-04-11T20:44:00 IST" duration-ms="9729">
      <class name="com.test.ErrorValidationTest">
        <test-method is-config="true" signature="launchApplication()[pri:0, instance:com.test.ErrorValidationTest@1a482e36]" started-at="2026-04-11T20:43:51 IST" name="launchApplication" finished-at="2026-04-11T20:43:59 IST" duration-ms="8439" status="PASS">
          <reporter-output>
          </reporter-output>
        </test-method> <!-- launchApplication -->
        <test-method signature="submitOrder()[pri:0, instance:com.test.ErrorValidationTest@1a482e36]" started-at="2026-04-11T20:43:59 IST" name="submitOrder" finished-at="2026-04-11T20:44:00 IST" duration-ms="965" status="PASS">
          <reporter-output>
          </reporter-output>
        </test-method> <!-- submitOrder -->
        <test-method is-config="true" signature="tearDown()[pri:0, instance:com.test.ErrorValidationTest@1a482e36]" started-at="2026-04-11T20:44:00 IST" name="tearDown" finished-at="2026-04-11T20:44:00 IST" duration-ms="273" status="PASS">
          <reporter-output>
          </reporter-output>
        </test-method> <!-- tearDown -->
      </class> <!-- com.test.ErrorValidationTest -->
    </test> <!-- ErrorValidationTest -->
  </suite> <!-- Suite -->
</testng-results>
