<?xml version="1.0" encoding="UTF-8"?>
<!-- Generated by org.testng.reporters.JUnitReportReporter -->
<testsuite hostname="HPVictus_7445HS" failures="0" tests="4" name="com.test.SubmitOrderTest" time="42.225" errors="0" timestamp="2026-04-27T00:20:58 IST" skipped="0">
  <testcase classname="com.test.SubmitOrderTest" name="submitOrder" time="10.384"/>
  <testcase classname="com.test.SubmitOrderTest" name="OrderHistoryTest" time="4.303"/>
  <testcase classname="com.test.SubmitOrderTest" name="submitOrder" time="14.434"/>
  <testcase classname="com.test.SubmitOrderTest" name="submitOrder" time="13.104"/>
</testsuite> <!-- com.test.SubmitOrderTest -->
