<?xml version="1.0" encoding="UTF-8"?>
<!-- Generated by org.testng.reporters.JUnitReportReporter -->
<testsuite hostname="HPVictus_7445HS" failures="0" tests="3" name="com.test.SubmitOrderTest" time="32.328" errors="0" timestamp="2026-04-17T21:24:56 IST" skipped="0">
  <testcase classname="com.test.SubmitOrderTest" name="submitOrder" time="9.061"/>
  <testcase classname="com.test.SubmitOrderTest" name="submitOrder" time="10.353"/>
  <testcase classname="com.test.SubmitOrderTest" name="submitOrder" time="12.914"/>
</testsuite> <!-- com.test.SubmitOrderTest -->
