<?xml version="1.0" encoding="UTF-8"?>
<!-- Generated by org.testng.reporters.JUnitReportReporter -->
<testsuite hostname="HPVictus_7445HS" failures="0" tests="2" name="com.test.ErrorValidationTest" time="9.863" errors="0" timestamp="2026-05-01T23:55:59 IST" skipped="0">
  <testcase classname="com.test.ErrorValidationTest" name="productErrorValidation" time="7.890"/>
  <testcase classname="com.test.ErrorValidationTest" name="loginErrorValidation" time="1.973"/>
</testsuite> <!-- com.test.ErrorValidationTest -->
