<?xml version="1.0" encoding="UTF-8"?>
<!-- Generated by org.testng.reporters.JUnitReportReporter -->
<testsuite hostname="HPVictus_7445HS" failures="0" tests="2" name="com.test.ErrorValidationTest" time="16.313" errors="0" timestamp="2026-04-27T22:55:51 IST" skipped="0">
  <testcase classname="com.test.ErrorValidationTest" name="productErrorValidation" time="9.744"/>
  <testcase classname="com.test.ErrorValidationTest" name="loginErrorValidation" time="6.569"/>
</testsuite> <!-- com.test.ErrorValidationTest -->
